Traced on 2021-04-08 13:28:46
FileAccessForInclusion - 
/home1/emarket/public_html/public/crm/include/utils/CommonUtils.php::checkFileAccessForInclusion::388<br>
/home1/emarket/public_html/public/crm/includes/Loader.php::checkFileAccessForInclusion::65<br>
/home1/emarket/public_html/public/crm/includes/Loader.php::includeOnce::191<br>
/home1/emarket/public_html/public/crm/includes/main/WebUI.php::vimport::15<br>
/home1/emarket/public_html/public/crm/index.php::include_once::17<br>
Traced on 2021-04-08 13:29:15
FileAccessForInclusion - 
/home1/emarket/public_html/public/crm/include/utils/CommonUtils.php::checkFileAccessForInclusion::388<br>
/home1/emarket/public_html/public/crm/includes/Loader.php::checkFileAccessForInclusion::65<br>
/home1/emarket/public_html/public/crm/includes/Loader.php::includeOnce::191<br>
/home1/emarket/public_html/public/crm/includes/main/WebUI.php::vimport::15<br>
/home1/emarket/public_html/public/crm/index.php::include_once::17<br>
Traced on 2021-04-08 13:29:27
FileAccessForInclusion - 
/home1/emarket/public_html/public/crm/include/utils/CommonUtils.php::checkFileAccessForInclusion::388<br>
/home1/emarket/public_html/public/crm/includes/Loader.php::checkFileAccessForInclusion::65<br>
/home1/emarket/public_html/public/crm/includes/Loader.php::includeOnce::191<br>
/home1/emarket/public_html/public/crm/includes/main/WebUI.php::vimport::15<br>
/home1/emarket/public_html/public/crm/index.php::include_once::17<br>
Traced on 2021-04-08 13:30:14
FileAccessForInclusion - 
/home1/emarket/public_html/public/crm/include/utils/CommonUtils.php::checkFileAccessForInclusion::388<br>
/home1/emarket/public_html/public/crm/includes/Loader.php::checkFileAccessForInclusion::65<br>
/home1/emarket/public_html/public/crm/includes/Loader.php::includeOnce::191<br>
/home1/emarket/public_html/public/crm/includes/main/WebUI.php::vimport::15<br>
/home1/emarket/public_html/public/crm/index.php::include_once::17<br>
Traced on 2021-04-08 13:31:56
FileAccessForInclusion - 
/home1/emarket/public_html/public/crm/include/utils/CommonUtils.php::checkFileAccessForInclusion::388<br>
/home1/emarket/public_html/public/crm/includes/Loader.php::checkFileAccessForInclusion::65<br>
/home1/emarket/public_html/public/crm/includes/Loader.php::includeOnce::191<br>
/home1/emarket/public_html/public/crm/includes/main/WebUI.php::vimport::15<br>
/home1/emarket/public_html/public/crm/index.php::include_once::17<br>
Traced on 2021-04-08 13:32:00
FileAccessForInclusion - 
/home1/emarket/public_html/public/crm/include/utils/CommonUtils.php::checkFileAccessForInclusion::388<br>
/home1/emarket/public_html/public/crm/includes/Loader.php::checkFileAccessForInclusion::65<br>
/home1/emarket/public_html/public/crm/includes/Loader.php::includeOnce::191<br>
/home1/emarket/public_html/public/crm/includes/main/WebUI.php::vimport::15<br>
/home1/emarket/public_html/public/crm/index.php::include_once::17<br>
Traced on 2021-04-08 13:39:15
FileAccessForInclusion - 
/home1/emarket/public_html/public/crm/include/utils/CommonUtils.php::checkFileAccessForInclusion::388<br>
/home1/emarket/public_html/public/crm/includes/Loader.php::checkFileAccessForInclusion::65<br>
/home1/emarket/public_html/public/crm/includes/Loader.php::includeOnce::191<br>
/home1/emarket/public_html/public/crm/includes/main/WebUI.php::vimport::15<br>
/home1/emarket/public_html/public/crm/index.php::include_once::17<br>
Traced on 2021-04-08 13:39:58
FileAccessForInclusion - 
/home1/emarket/public_html/public/crm/include/utils/CommonUtils.php::checkFileAccessForInclusion::388<br>
/home1/emarket/public_html/public/crm/includes/Loader.php::checkFileAccessForInclusion::65<br>
/home1/emarket/public_html/public/crm/includes/Loader.php::includeOnce::191<br>
/home1/emarket/public_html/public/crm/includes/main/WebUI.php::vimport::15<br>
/home1/emarket/public_html/public/crm/index.php::include_once::17<br>
Traced on 2021-04-08 13:40:48
FileAccessForInclusion - 
/home1/emarket/public_html/public/crm/include/utils/CommonUtils.php::checkFileAccessForInclusion::388<br>
/home1/emarket/public_html/public/crm/includes/Loader.php::checkFileAccessForInclusion::65<br>
/home1/emarket/public_html/public/crm/includes/Loader.php::includeOnce::191<br>
/home1/emarket/public_html/public/crm/includes/main/WebUI.php::vimport::15<br>
/home1/emarket/public_html/public/crm/index.php::include_once::17<br>
